Using pre-set license
Built from '2020.3/staging' branch; Version is '2020.3.16f1 (049d6eca3c44) revision 302446'; Using compiler version '192528614'; Build Type 'Release'
OS: 'Windows 10 Home; OS build 19042.1466; Version 2009; 64bit' Language: 'en' Physical Memory: 32683 MB
BatchMode: 1, IsHumanControllingUs: 0, StartBugReporterOnCrash: 0, Is64bit: 1, IsPro: 0

 COMMAND LINE ARGUMENTS:
E:\CreateArt\UnityEditor\2020.3.16f1\Editor\Unity.exe
-adb2
-batchMode
-noUpm
-name
AssetImportWorker0
-projectPath
D:/Thesis/Thesis-Prototype5-MetaPlant/Thesis-Prototype5
-logFile
Logs/AssetImportWorker0.log
-srvPort
62438
Successfully changed project path to: D:/Thesis/Thesis-Prototype5-MetaPlant/Thesis-Prototype5
D:/Thesis/Thesis-Prototype5-MetaPlant/Thesis-Prototype5
Using Asset Import Pipeline V2.
Refreshing native plugins compatible for Editor in 60.60 ms, found 12 plugins.
Preloading 1 native plugins for Editor in 599.87 ms.
Initialize engine version: 2020.3.16f1 (049d6eca3c44)
[Subsystems] Discovering subsystems at path E:/CreateArt/UnityEditor/2020.3.16f1/Editor/Data/Resources/UnitySubsystems
[Subsystems] Discovering subsystems at path D:/Thesis/Thesis-Prototype5-MetaPlant/Thesis-Prototype5/Assets
GfxDevice: creating device client; threaded=0
Direct3D:
    Version:  Direct3D 11.0 [level 11.1]
    Renderer: NVIDIA GeForce RTX 2080 Ti (ID=0x1e07)
    Vendor:   
    VRAM:     11048 MB
    Driver:   30.0.14.7168
Initialize mono
Mono path[0] = 'E:/CreateArt/UnityEditor/2020.3.16f1/Editor/Data/Managed'
Mono path[1] = 'E:/CreateArt/UnityEditor/2020.3.16f1/Editor/Data/MonoBleedingEdge/lib/mono/unityjit'
Mono config path = 'E:/CreateArt/UnityEditor/2020.3.16f1/Editor/Data/MonoBleedingEdge/etc'
Using monoOptions --debugger-agent=transport=dt_socket,embedding=1,server=y,suspend=n,address=127.0.0.1:56924
Begin MonoManager ReloadAssembly
Registering precompiled unity dll's ...
Register platform support module: E:/CreateArt/UnityEditor/2020.3.16f1/Editor/Data/PlaybackEngines/WebGLSupport/UnityEditor.WebGL.Extensions.dll
Register platform support module: E:/CreateArt/UnityEditor/2020.3.16f1/Editor/Data/PlaybackEngines/WindowsStandaloneSupport/UnityEditor.WindowsStandalone.Extensions.dll
Registered in 0.000844 seconds.
Native extension for WindowsStandalone target not found
Native extension for WebGL target not found
Refreshing native plugins compatible for Editor in 53.78 ms, found 12 plugins.
Preloading 1 native plugins for Editor in 0.07 ms.
Mono: successfully reloaded assembly
- Completed reload, in  1.168 seconds
Domain Reload Profiling:
	ReloadAssembly (1168ms)
		BeginReloadAssembly (37ms)
			ExecutionOrderSort (0ms)
			DisableScriptedObjects (0ms)
			BackupInstance (0ms)
			ReleaseScriptingObjects (0ms)
			CreateAndSetChildDomain (1ms)
		EndReloadAssembly (344ms)
			LoadAssemblies (37ms)
			RebuildTransferFunctionScriptingTraits (0ms)
			SetupTypeCache (114ms)
			ReleaseScriptCaches (0ms)
			RebuildScriptCaches (24ms)
			SetupLoadedEditorAssemblies (153ms)
				LogAssemblyErrors (0ms)
				InitializePlatformSupportModulesInManaged (4ms)
				SetLoadedEditorAssemblies (0ms)
				RefreshPlugins (54ms)
				BeforeProcessingInitializeOnLoad (12ms)
				ProcessInitializeOnLoadAttributes (61ms)
				ProcessInitializeOnLoadMethodAttributes (22ms)
				AfterProcessingInitializeOnLoad (0ms)
				EditorAssembliesLoaded (0ms)
			ExecutionOrderSort2 (0ms)
			AwakeInstancesAfterBackupRestoration (0ms)
Platform modules already initialized, skipping
Registering precompiled user dll's ...
Registered in 0.006842 seconds.
Begin MonoManager ReloadAssembly
Native extension for WindowsStandalone target not found
Native extension for WebGL target not found
Refreshing native plugins compatible for Editor in 53.42 ms, found 12 plugins.
Preloading 1 native plugins for Editor in 0.06 ms.
DisplayProgressbar: Restoring NuGet Packages
[XR] [XR Mesh Provider]: RegisterLifecycleProvider.
[XR] [XR Input Provider]: RegisterLifecycleProvider.
Added DLL directory D:\Thesis\Thesis-Prototype5-MetaPlant\Thesis-Prototype5\Assets\Packages\Microsoft.Windows.MixedReality.DotNetWinRT.0.5.1049\Unity\x64 to the user search path.
UnityEngine.StackTraceUtility:ExtractStackTrace ()
UnityEngine.DebugLogHandler:LogFormat (UnityEngine.LogType,UnityEngine.Object,string,object[])
UnityEngine.Logger:Log (UnityEngine.LogType,object)
UnityEngine.Debug:Log (object)
Microsoft.Windows.MixedReality.DotNetWinRT.Init:.cctor () (at D:/Thesis/MR-Color-Picker/Thesis-Prototype2/Assets/Packages/Microsoft.Windows.MixedReality.DotNetWinRT.0.5.1049/Unity/Editor/Microsoft.Windows.MixedReality.DotNetWinRT.Init.cs:56)
System.Runtime.CompilerServices.RuntimeHelpers:RunClassConstructor (System.RuntimeTypeHandle)
UnityEditor.EditorAssemblies:ProcessInitializeOnLoadAttributes (System.Type[])

(Filename: D:/Thesis/MR-Color-Picker/Thesis-Prototype2/Assets/Packages/Microsoft.Windows.MixedReality.DotNetWinRT.0.5.1049/Unity/Editor/Microsoft.Windows.MixedReality.DotNetWinRT.Init.cs Line: 56)

[XR] Error loading subsystem: Display (1) (header mismatch?)
Mono: successfully reloaded assembly
- Completed reload, in  1.959 seconds
Domain Reload Profiling:
	ReloadAssembly (1960ms)
		BeginReloadAssembly (106ms)
			ExecutionOrderSort (0ms)
			DisableScriptedObjects (4ms)
			BackupInstance (0ms)
			ReleaseScriptingObjects (0ms)
			CreateAndSetChildDomain (13ms)
		EndReloadAssembly (1809ms)
			LoadAssemblies (76ms)
			RebuildTransferFunctionScriptingTraits (0ms)
			SetupTypeCache (260ms)
			ReleaseScriptCaches (1ms)
			RebuildScriptCaches (55ms)
			SetupLoadedEditorAssemblies (1271ms)
				LogAssemblyErrors (0ms)
				InitializePlatformSupportModulesInManaged (3ms)
				SetLoadedEditorAssemblies (0ms)
				RefreshPlugins (54ms)
				BeforeProcessingInitializeOnLoad (88ms)
				ProcessInitializeOnLoadAttributes (822ms)
				ProcessInitializeOnLoadMethodAttributes (302ms)
				AfterProcessingInitializeOnLoad (2ms)
				EditorAssembliesLoaded (0ms)
			ExecutionOrderSort2 (0ms)
			AwakeInstancesAfterBackupRestoration (6ms)
Platform modules already initialized, skipping
========================================================================
Worker process is ready to serve import requests
Launched and connected shader compiler UnityShaderCompiler.exe after 0.10 seconds
Refreshing native plugins compatible for Editor in 0.78 ms, found 12 plugins.
Preloading 1 native plugins for Editor in 0.04 ms.
Unloading 3597 Unused Serialized files (Serialized files now loaded: 0)
System memory in use before: 222.5 MB.
System memory in use after: 221.6 MB.

Unloading 594 unused Assets to reduce memory usage. Loaded Objects now: 3973.
Total: 3.559000 ms (FindLiveObjects: 0.287200 ms CreateObjectMapping: 0.158700 ms MarkObjects: 2.699800 ms  DeleteObjects: 0.412400 ms)

AssetImportParameters requested are different than current active one (requested -> active):
  custom:framework-win-MediaFoundation: 216162199b28c13a410421893ffa2e32 -> 
  custom:video-decoder-ogg-theora: a1e56fd34408186e4bbccfd4996cb3dc -> 
  custom:container-muxer-webm: aa71ff27fc2769a1b78a27578f13a17b -> 
  custom:container-demuxer-webm: 4f35f7cbe854078d1ac9338744f61a02 -> 
  custom:container-demuxer-ogg: 62fdf1f143b41e24485cea50d1cbac27 -> 
  custom:video-encoder-webm-vp8: eb34c28f22e8b96e1ab97ce403110664 -> 
  custom:video-codec-MediaFoundation-h265: e54d7ab0439102e2317fc1e4b246158d -> 
  custom:video-decoder-webm-vp8: 9c59270c3fd7afecdb556c50c9e8de78 -> 
  custom:audio-decoder-ogg-vorbis: bf7c407c2cedff20999df2af8eb42d56 -> 
  custom:audio-encoder-webm-vorbis: bf7c407c2cedff20999df2af8eb42d56 -> 
========================================================================
Received Import Request.
  path: Assets/XR/XRGeneralSettings.asset
  artifactKey: Guid(66f02cc0217f10842b87c79d43b2994a) Importer(815301076,1909f56bfc062723c751e8b465ee728b)
Start importing Assets/XR/XRGeneralSettings.asset using Guid(66f02cc0217f10842b87c79d43b2994a) Importer(815301076,1909f56bfc062723c751e8b465ee728b)  -> (artifact id: 'a1c76d1fc661d26d470e05287161be22') in 0.027444 seconds 
  Import took 0.031426 seconds .

========================================================================
Received Prepare
Registering precompiled user dll's ...
Registered in 0.006506 seconds.
Begin MonoManager ReloadAssembly
Native extension for WindowsStandalone target not found
Native extension for WebGL target not found
Refreshing native plugins compatible for Editor in 0.81 ms, found 12 plugins.
Preloading 1 native plugins for Editor in 0.06 ms.
Error when attempting to update scene info fields. Scene info data may be stale.
UnityEngine.StackTraceUtility:ExtractStackTrace ()
UnityEngine.DebugLogHandler:LogFormat (UnityEngine.LogType,UnityEngine.Object,string,object[])
UnityEngine.Logger:Log (UnityEngine.LogType,object)
UnityEngine.Debug:LogWarning (object)
Microsoft.MixedReality.Toolkit.Editor.SceneInfoUtils:RefreshSceneInfoFieldsInScriptableObjects () (at D:/Thesis/MR-Color-Picker/Thesis-Prototype2/Library/PackageCache/com.microsoft.mixedreality.toolkit.foundation@b03032612499-1633212141767/Core/Inspectors/PropertyDrawers/SceneInfoUtils.cs:313)
Microsoft.MixedReality.Toolkit.Editor.SceneInfoUtils:InitializeOnLoad () (at D:/Thesis/MR-Color-Picker/Thesis-Prototype2/Library/PackageCache/com.microsoft.mixedreality.toolkit.foundation@b03032612499-1633212141767/Core/Inspectors/PropertyDrawers/SceneInfoUtils.cs:231)
System.Reflection.MonoMethod:Invoke (object,System.Reflection.BindingFlags,System.Reflection.Binder,object[],System.Globalization.CultureInfo)
System.Reflection.MethodBase:Invoke (object,object[])
UnityEditor.EditorAssemblies:ProcessInitializeOnLoadMethodAttributes ()

(Filename: D:/Thesis/MR-Color-Picker/Thesis-Prototype2/Library/PackageCache/com.microsoft.mixedreality.toolkit.foundation@b03032612499-1633212141767/Core/Inspectors/PropertyDrawers/SceneInfoUtils.cs Line: 313)

Mono: successfully reloaded assembly
- Completed reload, in  1.590 seconds
Domain Reload Profiling:
	ReloadAssembly (1590ms)
		BeginReloadAssembly (94ms)
			ExecutionOrderSort (0ms)
			DisableScriptedObjects (3ms)
			BackupInstance (0ms)
			ReleaseScriptingObjects (0ms)
			CreateAndSetChildDomain (34ms)
		EndReloadAssembly (1452ms)
			LoadAssemblies (77ms)
			RebuildTransferFunctionScriptingTraits (0ms)
			SetupTypeCache (251ms)
			ReleaseScriptCaches (1ms)
			RebuildScriptCaches (44ms)
			SetupLoadedEditorAssemblies (932ms)
				LogAssemblyErrors (0ms)
				InitializePlatformSupportModulesInManaged (4ms)
				SetLoadedEditorAssemblies (0ms)
				RefreshPlugins (1ms)
				BeforeProcessingInitializeOnLoad (73ms)
				ProcessInitializeOnLoadAttributes (664ms)
				ProcessInitializeOnLoadMethodAttributes (189ms)
				AfterProcessingInitializeOnLoad (2ms)
				EditorAssembliesLoaded (0ms)
			ExecutionOrderSort2 (0ms)
			AwakeInstancesAfterBackupRestoration (7ms)
Platform modules already initialized, skipping
Refreshing native plugins compatible for Editor in 0.81 ms, found 12 plugins.
Preloading 1 native plugins for Editor in 0.04 ms.
Unloading 3516 Unused Serialized files (Serialized files now loaded: 0)
System memory in use before: 218.2 MB.
System memory in use after: 217.7 MB.

Unloading 280 unused Assets to reduce memory usage. Loaded Objects now: 3981.
Total: 3.221000 ms (FindLiveObjects: 0.270500 ms CreateObjectMapping: 0.115000 ms MarkObjects: 2.546500 ms  DeleteObjects: 0.287900 ms)

AssetImportParameters requested are different than current active one (requested -> active):
  custom:framework-win-MediaFoundation: 216162199b28c13a410421893ffa2e32 -> 
  custom:video-decoder-ogg-theora: a1e56fd34408186e4bbccfd4996cb3dc -> 
  custom:container-muxer-webm: aa71ff27fc2769a1b78a27578f13a17b -> 
  custom:container-demuxer-webm: 4f35f7cbe854078d1ac9338744f61a02 -> 
  custom:container-demuxer-ogg: 62fdf1f143b41e24485cea50d1cbac27 -> 
  custom:video-encoder-webm-vp8: eb34c28f22e8b96e1ab97ce403110664 -> 
  custom:video-codec-MediaFoundation-h265: e54d7ab0439102e2317fc1e4b246158d -> 
  custom:video-decoder-webm-vp8: 9c59270c3fd7afecdb556c50c9e8de78 -> 
  custom:audio-decoder-ogg-vorbis: bf7c407c2cedff20999df2af8eb42d56 -> 
  custom:audio-encoder-webm-vorbis: bf7c407c2cedff20999df2af8eb42d56 -> 
========================================================================
Received Prepare
Registering precompiled user dll's ...
Registered in 0.006999 seconds.
Begin MonoManager ReloadAssembly
Native extension for WindowsStandalone target not found
Native extension for WebGL target not found
Refreshing native plugins compatible for Editor in 0.86 ms, found 12 plugins.
Preloading 1 native plugins for Editor in 0.06 ms.
Error when attempting to update scene info fields. Scene info data may be stale.
UnityEngine.StackTraceUtility:ExtractStackTrace ()
UnityEngine.DebugLogHandler:LogFormat (UnityEngine.LogType,UnityEngine.Object,string,object[])
UnityEngine.Logger:Log (UnityEngine.LogType,object)
UnityEngine.Debug:LogWarning (object)
Microsoft.MixedReality.Toolkit.Editor.SceneInfoUtils:RefreshSceneInfoFieldsInScriptableObjects () (at D:/Thesis/MR-Color-Picker/Thesis-Prototype2/Library/PackageCache/com.microsoft.mixedreality.toolkit.foundation@b03032612499-1633212141767/Core/Inspectors/PropertyDrawers/SceneInfoUtils.cs:313)
Microsoft.MixedReality.Toolkit.Editor.SceneInfoUtils:InitializeOnLoad () (at D:/Thesis/MR-Color-Picker/Thesis-Prototype2/Library/PackageCache/com.microsoft.mixedreality.toolkit.foundation@b03032612499-1633212141767/Core/Inspectors/PropertyDrawers/SceneInfoUtils.cs:231)
System.Reflection.MonoMethod:Invoke (object,System.Reflection.BindingFlags,System.Reflection.Binder,object[],System.Globalization.CultureInfo)
System.Reflection.MethodBase:Invoke (object,object[])
UnityEditor.EditorAssemblies:ProcessInitializeOnLoadMethodAttributes ()

(Filename: D:/Thesis/MR-Color-Picker/Thesis-Prototype2/Library/PackageCache/com.microsoft.mixedreality.toolkit.foundation@b03032612499-1633212141767/Core/Inspectors/PropertyDrawers/SceneInfoUtils.cs Line: 313)

Mono: successfully reloaded assembly
- Completed reload, in  1.840 seconds
Domain Reload Profiling:
	ReloadAssembly (1841ms)
		BeginReloadAssembly (118ms)
			ExecutionOrderSort (0ms)
			DisableScriptedObjects (6ms)
			BackupInstance (0ms)
			ReleaseScriptingObjects (0ms)
			CreateAndSetChildDomain (41ms)
		EndReloadAssembly (1661ms)
			LoadAssemblies (118ms)
			RebuildTransferFunctionScriptingTraits (0ms)
			SetupTypeCache (281ms)
			ReleaseScriptCaches (1ms)
			RebuildScriptCaches (35ms)
			SetupLoadedEditorAssemblies (1037ms)
				LogAssemblyErrors (0ms)
				InitializePlatformSupportModulesInManaged (4ms)
				SetLoadedEditorAssemblies (0ms)
				RefreshPlugins (1ms)
				BeforeProcessingInitializeOnLoad (82ms)
				ProcessInitializeOnLoadAttributes (760ms)
				ProcessInitializeOnLoadMethodAttributes (188ms)
				AfterProcessingInitializeOnLoad (2ms)
				EditorAssembliesLoaded (0ms)
			ExecutionOrderSort2 (0ms)
			AwakeInstancesAfterBackupRestoration (9ms)
Platform modules already initialized, skipping
Refreshing native plugins compatible for Editor in 1.04 ms, found 12 plugins.
Preloading 1 native plugins for Editor in 0.06 ms.
Unloading 3515 Unused Serialized files (Serialized files now loaded: 0)
System memory in use before: 218.2 MB.
System memory in use after: 217.8 MB.

Unloading 277 unused Assets to reduce memory usage. Loaded Objects now: 3986.
Total: 3.945900 ms (FindLiveObjects: 0.346300 ms CreateObjectMapping: 0.190400 ms MarkObjects: 3.166000 ms  DeleteObjects: 0.242100 ms)

AssetImportParameters requested are different than current active one (requested -> active):
  custom:framework-win-MediaFoundation: 216162199b28c13a410421893ffa2e32 -> 
  custom:video-decoder-ogg-theora: a1e56fd34408186e4bbccfd4996cb3dc -> 
  custom:container-muxer-webm: aa71ff27fc2769a1b78a27578f13a17b -> 
  custom:container-demuxer-webm: 4f35f7cbe854078d1ac9338744f61a02 -> 
  custom:container-demuxer-ogg: 62fdf1f143b41e24485cea50d1cbac27 -> 
  custom:video-encoder-webm-vp8: eb34c28f22e8b96e1ab97ce403110664 -> 
  custom:video-codec-MediaFoundation-h265: e54d7ab0439102e2317fc1e4b246158d -> 
  custom:video-decoder-webm-vp8: 9c59270c3fd7afecdb556c50c9e8de78 -> 
  custom:audio-decoder-ogg-vorbis: bf7c407c2cedff20999df2af8eb42d56 -> 
  custom:audio-encoder-webm-vorbis: bf7c407c2cedff20999df2af8eb42d56 -> 
========================================================================
Received Import Request.
  Time since last request: 46.396056 seconds.
  path: Assets/Project/L-system/Scenes
  artifactKey: Guid(46c460f46407651488fa9a79cf8118b6) Importer(815301076,1909f56bfc062723c751e8b465ee728b)
Start importing Assets/Project/L-system/Scenes using Guid(46c460f46407651488fa9a79cf8118b6) Importer(815301076,1909f56bfc062723c751e8b465ee728b)  -> (artifact id: '66cd1884c416cd639b7a016dff459e73') in 0.008256 seconds 
  Import took 0.047155 seconds .

========================================================================
Received Import Request.
  Time since last request: 0.028879 seconds.
  path: Assets/Project/L-system/Scenes
  artifactKey: Guid(46c460f46407651488fa9a79cf8118b6) Importer(815301076,1909f56bfc062723c751e8b465ee728b)
Start importing Assets/Project/L-system/Scenes using Guid(46c460f46407651488fa9a79cf8118b6) Importer(815301076,1909f56bfc062723c751e8b465ee728b)  -> (artifact id: '66cd1884c416cd639b7a016dff459e73') in 0.002611 seconds 
  Import took 0.006996 seconds .

========================================================================
Received Import Request.
  Time since last request: 1.132768 seconds.
  path: Assets/Project/L-system/Scenes/Main.unity
  artifactKey: Guid(5a6187f88ea391740bf6e03ed76c450c) Importer(815301076,1909f56bfc062723c751e8b465ee728b)
Start importing Assets/Project/L-system/Scenes/Main.unity using Guid(5a6187f88ea391740bf6e03ed76c450c) Importer(815301076,1909f56bfc062723c751e8b465ee728b)  -> (artifact id: '353e9fff5260abef6df0ba6564b4ef0b') in 0.015165 seconds 
  Import took 0.028875 seconds .

========================================================================
Received Prepare
Registering precompiled user dll's ...
Registered in 0.006807 seconds.
Begin MonoManager ReloadAssembly
Native extension for WindowsStandalone target not found
Native extension for WebGL target not found
Refreshing native plugins compatible for Editor in 0.89 ms, found 12 plugins.
Preloading 1 native plugins for Editor in 0.07 ms.
Error when attempting to update scene info fields. Scene info data may be stale.
UnityEngine.StackTraceUtility:ExtractStackTrace ()
UnityEngine.DebugLogHandler:LogFormat (UnityEngine.LogType,UnityEngine.Object,string,object[])
UnityEngine.Logger:Log (UnityEngine.LogType,object)
UnityEngine.Debug:LogWarning (object)
Microsoft.MixedReality.Toolkit.Editor.SceneInfoUtils:RefreshSceneInfoFieldsInScriptableObjects () (at D:/Thesis/MR-Color-Picker/Thesis-Prototype2/Library/PackageCache/com.microsoft.mixedreality.toolkit.foundation@b03032612499-1633212141767/Core/Inspectors/PropertyDrawers/SceneInfoUtils.cs:313)
Microsoft.MixedReality.Toolkit.Editor.SceneInfoUtils:InitializeOnLoad () (at D:/Thesis/MR-Color-Picker/Thesis-Prototype2/Library/PackageCache/com.microsoft.mixedreality.toolkit.foundation@b03032612499-1633212141767/Core/Inspectors/PropertyDrawers/SceneInfoUtils.cs:231)
System.Reflection.MonoMethod:Invoke (object,System.Reflection.BindingFlags,System.Reflection.Binder,object[],System.Globalization.CultureInfo)
System.Reflection.MethodBase:Invoke (object,object[])
UnityEditor.EditorAssemblies:ProcessInitializeOnLoadMethodAttributes ()

(Filename: D:/Thesis/MR-Color-Picker/Thesis-Prototype2/Library/PackageCache/com.microsoft.mixedreality.toolkit.foundation@b03032612499-1633212141767/Core/Inspectors/PropertyDrawers/SceneInfoUtils.cs Line: 313)

Mono: successfully reloaded assembly
- Completed reload, in  1.812 seconds
Domain Reload Profiling:
	ReloadAssembly (1813ms)
		BeginReloadAssembly (98ms)
			ExecutionOrderSort (0ms)
			DisableScriptedObjects (4ms)
			BackupInstance (0ms)
			ReleaseScriptingObjects (0ms)
			CreateAndSetChildDomain (38ms)
		EndReloadAssembly (1666ms)
			LoadAssemblies (86ms)
			RebuildTransferFunctionScriptingTraits (0ms)
			SetupTypeCache (290ms)
			ReleaseScriptCaches (1ms)
			RebuildScriptCaches (41ms)
			SetupLoadedEditorAssemblies (1065ms)
				LogAssemblyErrors (0ms)
				InitializePlatformSupportModulesInManaged (4ms)
				SetLoadedEditorAssemblies (1ms)
				RefreshPlugins (1ms)
				BeforeProcessingInitializeOnLoad (89ms)
				ProcessInitializeOnLoadAttributes (757ms)
				ProcessInitializeOnLoadMethodAttributes (212ms)
				AfterProcessingInitializeOnLoad (2ms)
				EditorAssembliesLoaded (0ms)
			ExecutionOrderSort2 (0ms)
			AwakeInstancesAfterBackupRestoration (11ms)
Platform modules already initialized, skipping
Refreshing native plugins compatible for Editor in 0.85 ms, found 12 plugins.
Preloading 1 native plugins for Editor in 0.05 ms.
Unloading 3515 Unused Serialized files (Serialized files now loaded: 0)
System memory in use before: 218.3 MB.
System memory in use after: 217.9 MB.

Unloading 277 unused Assets to reduce memory usage. Loaded Objects now: 3991.
Total: 3.544000 ms (FindLiveObjects: 0.332800 ms CreateObjectMapping: 0.167700 ms MarkObjects: 2.811000 ms  DeleteObjects: 0.231700 ms)

AssetImportParameters requested are different than current active one (requested -> active):
  custom:framework-win-MediaFoundation: 216162199b28c13a410421893ffa2e32 -> 
  custom:video-decoder-ogg-theora: a1e56fd34408186e4bbccfd4996cb3dc -> 
  custom:container-muxer-webm: aa71ff27fc2769a1b78a27578f13a17b -> 
  custom:container-demuxer-webm: 4f35f7cbe854078d1ac9338744f61a02 -> 
  custom:container-demuxer-ogg: 62fdf1f143b41e24485cea50d1cbac27 -> 
  custom:video-encoder-webm-vp8: eb34c28f22e8b96e1ab97ce403110664 -> 
  custom:video-codec-MediaFoundation-h265: e54d7ab0439102e2317fc1e4b246158d -> 
  custom:video-decoder-webm-vp8: 9c59270c3fd7afecdb556c50c9e8de78 -> 
  custom:audio-decoder-ogg-vorbis: bf7c407c2cedff20999df2af8eb42d56 -> 
  custom:audio-encoder-webm-vorbis: bf7c407c2cedff20999df2af8eb42d56 -> 
AssetImportWorkerClient::OnTransportError - code=2 error=End of file
